<?xml version="1.0" encoding="UTF-8"?>
<testng-results skipped="0" failed="0" total="1" passed="1">
  <reporter-output>
  </reporter-output>
  <suite name="Default suite" duration-ms="14124" started-at="2020-05-20T14:36:20Z" finished-at="2020-05-20T14:36:34Z">
    <groups>
    </groups>
    <test name="Default test" duration-ms="14124" started-at="2020-05-20T14:36:20Z" finished-at="2020-05-20T14:36:34Z">
      <class name="execution.Execution">
        <test-method status="PASS" signature="launch()[pri:0, instance:execution.Execution@61832929]" name="launch" is-config="true" duration-ms="12754" started-at="2020-05-20T20:06:20Z" finished-at="2020-05-20T20:06:32Z">
          <reporter-output>
          </reporter-output>
        </test-method> <!-- launch -->
        <test-method status="PASS" signature="search()[pri:0, instance:execution.Execution@61832929]" name="search" duration-ms="1334" started-at="2020-05-20T20:06:32Z" finished-at="2020-05-20T20:06:34Z">
          <reporter-output>
          </reporter-output>
        </test-method> <!-- search -->
      </class> <!-- execution.Execution -->
    </test> <!-- Default test -->
  </suite> <!-- Default suite -->
</testng-results>
